
> cpa-study-app-v3@0.1.0 trigger:dev C:\Users\hotre\Desktop\Coding Projects\CPA-Study-App-v3
> trigger dev


Trigger.dev (3.3.17 -> 4.4.4)
------------------------------------------------------
[90m│[39m
[33m▲[39m  Warning: You're not running the latest CLI version, please consider updating ASAP
[90m│[39m  
[90m│[39m           Current:     3.3.17
[90m│[39m           Latest:      4.4.4
[90m│[39m  
[90m│[39m           Run latest:  npx trigger.dev@latest
------------------------------------------------------
Key: Version | Task | Run
------------------------------------------------------
○ Building background worker…
○ Background worker ready [node] -> 20260419.1
○ Apr 18, 16:42:43.874 ->  20260419.1 | processRecording | run_7wf8dr3t1muzd5v9b1q79.1
○ Apr 18, 16:42:44.778 ->  20260419.1 | segmentRecording | run_u13x8c76e49c9snyf86ub.1
○ Apr 18, 16:42:51.475 ->  20260419.1 | segmentRecording | run_u13x8c76e49c9snyf86ub.1 | Success (6.6s)
○ Apr 18, 16:42:51.651 ->  20260419.1 | processRecording | run_7wf8dr3t1muzd5v9b1q79.1 | Success (7.6s)
○ Rebuilding background worker…
○ Background worker ready [node] -> 20260419.2
○ Rebuilding background worker…
○ Background worker ready [node] -> 20260419.3
○ Rebuilding background worker…
○ Background worker ready [node] -> 20260419.4
○ Rebuilding background worker…
○ Background worker ready [node] -> 20260419.5
○ Rebuilding background worker…
○ Background worker ready [node] -> 20260419.6
○ Rebuilding background worker…
○ Background worker ready [node] -> 20260419.7
○ Rebuilding background worker…
○ Background worker ready [node] -> 20260419.8
○ Apr 18, 17:05:30.110 ->  20260419.8 | processRecording | run_tmfwu2pgymacu8buhhk7z.1
○ Apr 18, 17:05:31.036 ->  20260419.8 | segmentRecording | run_d8vx4u6f1qqpm7k4539si.1
○ Apr 18, 17:05:44.402 ->  20260419.8 | segmentRecording | run_d8vx4u6f1qqpm7k4539si.1 | Success (13.2s)
○ Apr 18, 17:05:44.853 run_tmfwu2pgymacu8buhhk7z.1 Parallel waits are not supported, e.g. using Promise.all() around our wait functions.
○ Apr 18, 17:05:44.859 Parallel waits are not supported, e.g. using Promise.all() around our wait functions.

○ Apr 18, 17:05:44.859 Parallel waits are not supported, e.g. using Promise.all() around our wait functions.

○ Apr 18, 17:05:44.860 Parallel waits are not supported, e.g. using Promise.all() around our wait functions.

○ Apr 18, 17:05:44.913 Parallel waits are not supported, e.g. using Promise.all() around our wait functions.

○ Apr 18, 17:05:44.982 ->  20260419.8 | processRecording | run_tmfwu2pgymacu8buhhk7z.1 | Error (retrying skipped) (14.7s)
○ Apr 18, 17:05:45.460 ->  20260419.8 | transcribeQuestion | run_39kiic2piqadbm1wtqjog.1
○ Apr 18, 17:05:45.607 ->  20260419.8 | extractQuestion | run_qc6e5rptqnacyf313onqk.1
○ Apr 18, 17:05:45.699 ->  20260419.8 | transcribeQuestion | run_9us365nt4iaxevgytxmcw.1
○ Apr 18, 17:05:45.826 ->  20260419.8 | transcribeQuestion | run_n19udexga8tsg2cskyciv.1
○ Apr 18, 17:05:45.848 ->  20260419.8 | extractQuestion | run_c31en6qt56j9667eb7j6t.1
○ Apr 18, 17:05:46.006 ->  20260419.8 | extractQuestion | run_9zksx5f7uvaumxbomk8o9.1
○ Apr 18, 17:05:46.257 ->  20260419.8 | extractQuestion | run_qc6e5rptqnacyf313onqk.1 | Success (571.5ms)
○ Apr 18, 17:05:46.476 ->  20260419.8 | extractQuestion | run_c31en6qt56j9667eb7j6t.1 | Success (532.1ms)
○ Apr 18, 17:05:46.644 ->  20260419.8 | extractQuestion | run_9zksx5f7uvaumxbomk8o9.1 | Success (543.5ms)
○ Apr 18, 17:05:47.329 ->  20260419.8 | transcribeQuestion | run_39kiic2piqadbm1wtqjog.1 | Success (1.7s)
○ Apr 18, 17:05:47.359 ->  20260419.8 | transcribeQuestion | run_n19udexga8tsg2cskyciv.1 | Success (1.4s)
○ Apr 18, 17:05:47.401 ->  20260419.8 | transcribeQuestion | run_9us365nt4iaxevgytxmcw.1 | Success (1.6s)
○ Rebuilding background worker…
○ Background worker ready [node] -> 20260419.9
○ Rebuilding background worker…
○ Background worker ready [node] -> 20260419.10
○ Rebuilding background worker…
○ Background worker ready [node] -> 20260419.11
○ Rebuilding background worker…
○ Background worker ready [node] -> 20260419.12
○ Rebuilding background worker…
○ Background worker ready [node] -> 20260419.13
○ Rebuilding background worker…
○ Background worker ready [node] -> 20260419.14
○ Rebuilding background worker…
○ Background worker ready [node] -> 20260419.15
○ Rebuilding background worker…
○ Background worker ready [node] -> 20260419.16
○ Apr 18, 17:15:21.231 ->  20260419.16 | processRecording | run_fk6td1nnetya85q9uf8yc.1
○ Apr 18, 17:15:22.124 ->  20260419.16 | segmentRecording | run_tb5hkho3sqe75d5vq95q1.1
○ Apr 18, 17:15:36.642 ->  20260419.16 | segmentRecording | run_tb5hkho3sqe75d5vq95q1.1 | Success (14.4s)
○ Apr 18, 17:15:37.594 ->  20260419.16 | extractQuestion | run_1drc782b5xrvtnnbq1s81.1
○ Apr 18, 17:15:53.429 ->  20260419.16 | extractQuestion | run_1drc782b5xrvtnnbq1s81.1 | Success (15.7s)
○ Apr 18, 17:15:54.789 ->  20260419.16 | transcribeQuestion | run_st26fnysh1vxdpht75cay.1
○ Apr 18, 17:15:56.282 ->  20260419.16 | transcribeQuestion | run_st26fnysh1vxdpht75cay.1 | Success (1.4s)
○ Apr 18, 17:15:56.779 ->  20260419.16 | gradeQuestion | run_oog6hjujj8ezxoftn2s6q.1
○ Apr 18, 17:16:19.376 ->  20260419.16 | gradeQuestion | run_oog6hjujj8ezxoftn2s6q.1 | Success (22.5s)
○ Apr 18, 17:16:20.283 ->  20260419.16 | extractQuestion | run_7bq6vt3m42iiu5pzvpyr4.1
○ Apr 18, 17:16:37.891 ->  20260419.16 | extractQuestion | run_7bq6vt3m42iiu5pzvpyr4.1 | Success (17.5s)
○ Apr 18, 17:16:39.666 ->  20260419.16 | transcribeQuestion | run_k7mjk9frmxjkrhuxbyd6j.1
○ Apr 18, 17:16:41.100 ->  20260419.16 | transcribeQuestion | run_k7mjk9frmxjkrhuxbyd6j.1 | Success (1.3s)
○ Apr 18, 17:16:41.593 ->  20260419.16 | gradeQuestion | run_qrdvh4cdmh1ehkmyzpi2b.1
○ Apr 18, 17:17:14.230 ->  20260419.16 | gradeQuestion | run_qrdvh4cdmh1ehkmyzpi2b.1 | Success (32.5s)
○ Apr 18, 17:17:15.233 ->  20260419.16 | extractQuestion | run_secmoqce9u5ps9ekp4zy5.1
○ Apr 18, 17:17:32.130 ->  20260419.16 | extractQuestion | run_secmoqce9u5ps9ekp4zy5.1 | Success (16.7s)
○ Apr 18, 17:17:33.506 ->  20260419.16 | transcribeQuestion | run_8okni1zmdk9uz7u65buu5.1
○ Apr 18, 17:17:35.064 ->  20260419.16 | transcribeQuestion | run_8okni1zmdk9uz7u65buu5.1 | Success (1.4s)
○ Apr 18, 17:17:35.464 ->  20260419.16 | gradeQuestion | run_quizyghgj959oingz1816.1
○ Apr 18, 17:17:59.471 ->  20260419.16 | gradeQuestion | run_quizyghgj959oingz1816.1 | Success (23.9s)
○ Apr 18, 17:17:59.610 ->  20260419.16 | processRecording | run_fk6td1nnetya85q9uf8yc.1 | Success (2m, 38.3s)
○ Apr 18, 17:18:46.186 ->  20260419.16 | processRecording | run_fan5dhdp6idjtucb63ayf.1
○ Apr 18, 17:18:47.096 ->  20260419.16 | segmentRecording | run_qqdojwckej1jiuzyq9ajf.1
○ Apr 18, 17:18:58.586 ->  20260419.16 | segmentRecording | run_qqdojwckej1jiuzyq9ajf.1 | Success (11.3s)
○ Apr 18, 17:18:59.561 ->  20260419.16 | extractQuestion | run_creybr8kq321urrzsh1ct.1
○ Apr 18, 17:19:15.339 ->  20260419.16 | extractQuestion | run_creybr8kq321urrzsh1ct.1 | Success (15.6s)
○ Apr 18, 17:19:16.819 ->  20260419.16 | transcribeQuestion | run_wpagbyroayys9gt5z428w.1
○ Apr 18, 17:19:18.808 ->  20260419.16 | transcribeQuestion | run_wpagbyroayys9gt5z428w.1 | Success (1.8s)
○ Apr 18, 17:19:19.754 ->  20260419.16 | gradeQuestion | run_cs5ebcrtfijdausej5npu.1
○ Apr 18, 17:19:42.133 ->  20260419.16 | gradeQuestion | run_cs5ebcrtfijdausej5npu.1 | Success (22.2s)
○ Apr 18, 17:19:43.235 ->  20260419.16 | extractQuestion | run_ty4d8amx7wy7phub862d8.1
○ Apr 18, 17:20:00.475 ->  20260419.16 | extractQuestion | run_ty4d8amx7wy7phub862d8.1 | Success (17.1s)
○ Apr 18, 17:20:01.429 ->  20260419.16 | transcribeQuestion | run_duahra4du4ssgtqdytcya.1
○ Apr 18, 17:20:03.187 ->  20260419.16 | transcribeQuestion | run_duahra4du4ssgtqdytcya.1 | Success (1.6s)
○ Apr 18, 17:20:04.377 ->  20260419.16 | gradeQuestion | run_cq4fu1rx8vjbwvsdrn4wm.1
○ Apr 18, 17:20:25.891 ->  20260419.16 | gradeQuestion | run_cq4fu1rx8vjbwvsdrn4wm.1 | Success (21.4s)
○ Apr 18, 17:20:26.793 ->  20260419.16 | extractQuestion | run_sqaybdzcq2u9j9hh65trt.1
○ Apr 18, 17:20:43.075 ->  20260419.16 | extractQuestion | run_sqaybdzcq2u9j9hh65trt.1 | Success (16.2s)
○ Apr 18, 17:20:44.082 ->  20260419.16 | transcribeQuestion | run_b2ar6b4xmd13c7o9szbx3.1
○ Apr 18, 17:20:45.689 ->  20260419.16 | transcribeQuestion | run_b2ar6b4xmd13c7o9szbx3.1 | Success (1.5s)
○ Apr 18, 17:20:47.023 ->  20260419.16 | gradeQuestion | run_wvfeyvivrnr2q7sgy7erk.1
○ Apr 18, 17:21:15.031 ->  20260419.16 | gradeQuestion | run_wvfeyvivrnr2q7sgy7erk.1 | Success (27.9s)
○ Apr 18, 17:21:15.180 ->  20260419.16 | processRecording | run_fan5dhdp6idjtucb63ayf.1 | Success (2m, 28.9s)
○ Apr 18, 17:21:26.849 ->  20260419.16 | processRecording | run_yyr5asem7j3eadj821ovh.1
○ Apr 18, 17:21:27.775 ->  20260419.16 | segmentRecording | run_g1e42ncyhm2p77r3afkid.1
○ Apr 18, 17:21:33.623 ->  20260419.16 | segmentRecording | run_g1e42ncyhm2p77r3afkid.1 | Success (5.7s)
○ Apr 18, 17:21:35.214 ->  20260419.16 | extractQuestion | run_nut39khm9zh1guzv7ivd8.1
○ Apr 18, 17:21:51.294 ->  20260419.16 | extractQuestion | run_nut39khm9zh1guzv7ivd8.1 | Success (15.9s)
○ Apr 18, 17:21:52.464 ->  20260419.16 | transcribeQuestion | run_z6j15ycm6z6m5abxc3cxn.1
○ Apr 18, 17:21:53.747 ->  20260419.16 | transcribeQuestion | run_z6j15ycm6z6m5abxc3cxn.1 | Success (1.1s)
○ Apr 18, 17:21:54.348 ->  20260419.16 | gradeQuestion | run_245bc4di3focujjpeuiq9.1
○ Apr 18, 17:22:28.468 ->  20260419.16 | gradeQuestion | run_245bc4di3focujjpeuiq9.1 | Success (34s)
○ Apr 18, 17:22:29.910 ->  20260419.16 | extractQuestion | run_u7uhjz4h2bg2gvwyyest3.1
○ Apr 18, 17:22:46.109 ->  20260419.16 | extractQuestion | run_u7uhjz4h2bg2gvwyyest3.1 | Success (16.1s)
○ Apr 18, 17:22:47.093 ->  20260419.16 | transcribeQuestion | run_86z3yrdrvb5di6imjmsd4.1
○ Apr 18, 17:22:48.244 ->  20260419.16 | transcribeQuestion | run_86z3yrdrvb5di6imjmsd4.1 | Success (1s)
○ Apr 18, 17:22:49.012 ->  20260419.16 | gradeQuestion | run_qgatmi91hadgqwj7c5uqz.1
○ Apr 18, 17:23:15.080 ->  20260419.16 | gradeQuestion | run_qgatmi91hadgqwj7c5uqz.1 | Success (25.9s)
○ Apr 18, 17:23:16.530 ->  20260419.16 | extractQuestion | run_qucso3nusiap5oen4n67f.1
○ Apr 18, 17:23:32.279 ->  20260419.16 | extractQuestion | run_qucso3nusiap5oen4n67f.1 | Success (15.6s)
○ Apr 18, 17:23:33.729 ->  20260419.16 | transcribeQuestion | run_gfx1i2a13yeksz7nb277t.1
○ Apr 18, 17:23:35.108 ->  20260419.16 | transcribeQuestion | run_gfx1i2a13yeksz7nb277t.1 | Success (1.2s)
○ Apr 18, 17:23:35.652 ->  20260419.16 | gradeQuestion | run_i2emeg8paqf6fstbgcfj1.1
○ Apr 18, 17:23:58.874 ->  20260419.16 | gradeQuestion | run_i2emeg8paqf6fstbgcfj1.1 | Success (23.1s)
○ Apr 18, 17:23:59.003 ->  20260419.16 | processRecording | run_yyr5asem7j3eadj821ovh.1 | Success (2m, 32s)
○ Rebuilding background worker…
○ Background worker ready [node] -> 20260419.17
○ Rebuilding background worker…
○ Background worker ready [node] -> 20260419.18
