
> cpa-study-app-v3@0.1.0 trigger:dev C:\Users\hotre\Desktop\Coding Projects\CPA-Study-App-v3
> trigger dev


Trigger.dev (3.3.17 -> 4.4.4)
------------------------------------------------------
[90m│[39m
[33m▲[39m  Warning: You're not running the latest CLI version, please consider updating ASAP
[90m│[39m  
[90m│[39m           Current:     3.3.17
[90m│[39m           Latest:      4.4.4
[90m│[39m  
[90m│[39m           Run latest:  npx trigger.dev@latest
------------------------------------------------------
Key: Version | Task | Run
------------------------------------------------------
○ Building background worker…
○ Background worker ready [node] -> 20260419.1
○ Rebuilding background worker…
○ Background worker ready [node] -> 20260419.2
○ Rebuilding background worker…
○ Background worker ready [node] -> 20260419.3
○ Rebuilding background worker…
○ Background worker ready [node] -> 20260419.4
○ Rebuilding background worker…
○ Background worker ready [node] -> 20260419.5
○ Rebuilding background worker…
○ Background worker ready [node] -> 20260419.6
○ Rebuilding background worker…
○ Background worker ready [node] -> 20260419.7
○ Rebuilding background worker…
○ Background worker ready [node] -> 20260419.8
○ Rebuilding background worker…
○ Background worker ready [node] -> 20260419.9
○ Apr 18, 17:07:19.961 ->  20260419.9 | processRecording | run_tj4epujs4kjacju1hqkk2.1
○ Apr 18, 17:07:20.899 ->  20260419.9 | segmentRecording | run_7cgrgvcrr793fpot69vvq.1
○ Apr 18, 17:07:35.300 ->  20260419.9 | segmentRecording | run_7cgrgvcrr793fpot69vvq.1 | Success (14.3s)
○ Apr 18, 17:07:36.390 ->  20260419.9 | extractQuestion | run_mqf8e3hkmcdubws51yymj.1
○ Apr 18, 17:07:37.016 ->  20260419.9 | extractQuestion | run_mqf8e3hkmcdubws51yymj.1 | Success (521ms)
○ Apr 18, 17:07:38.325 ->  20260419.9 | transcribeQuestion | run_jrg9scwsdcfio2hmiays7.1
○ Apr 18, 17:07:40.129 ->  20260419.9 | transcribeQuestion | run_jrg9scwsdcfio2hmiays7.1 | Success (1.7s)
○ Apr 18, 17:07:40.484 ->  20260419.9 | gradeQuestion | run_83zo7cwqzav9f79zmczp6.1
○ Apr 18, 17:07:41.107 ->  20260419.9 | gradeQuestion | run_83zo7cwqzav9f79zmczp6.1 | Success (533.8ms)
○ Apr 18, 17:07:41.640 ->  20260419.9 | extractQuestion | run_mx1uvqv3db68zhtectv7j.1
○ Apr 18, 17:07:42.260 ->  20260419.9 | extractQuestion | run_mx1uvqv3db68zhtectv7j.1 | Success (534.5ms)
○ Apr 18, 17:07:42.804 ->  20260419.9 | transcribeQuestion | run_67eyt3mgz546q2fy76x6h.1
○ Apr 18, 17:07:44.410 ->  20260419.9 | transcribeQuestion | run_67eyt3mgz546q2fy76x6h.1 | Success (1.5s)
○ Apr 18, 17:07:44.954 ->  20260419.9 | gradeQuestion | run_aw99aejo3v15gpnbc1okz.1
○ Apr 18, 17:07:45.549 ->  20260419.9 | gradeQuestion | run_aw99aejo3v15gpnbc1okz.1 | Success (518.5ms)
○ Apr 18, 17:07:46.125 ->  20260419.9 | extractQuestion | run_1vy6fo64a9bmd6j5e2yg4.1
○ Apr 18, 17:07:46.757 ->  20260419.9 | extractQuestion | run_1vy6fo64a9bmd6j5e2yg4.1 | Success (540.2ms)
○ Apr 18, 17:07:47.255 ->  20260419.9 | transcribeQuestion | run_ak3jik25z1re1fofehhcv.1
○ Apr 18, 17:07:48.761 ->  20260419.9 | transcribeQuestion | run_ak3jik25z1re1fofehhcv.1 | Success (1.4s)
○ Apr 18, 17:07:49.440 ->  20260419.9 | gradeQuestion | run_k6acg7z3pgc16wor5nty8.1
○ Apr 18, 17:07:50.108 ->  20260419.9 | gradeQuestion | run_k6acg7z3pgc16wor5nty8.1 | Success (582.7ms)
○ Apr 18, 17:07:50.251 ->  20260419.9 | processRecording | run_tj4epujs4kjacju1hqkk2.1 | Success (30.1s)
○ Rebuilding background worker…
○ Background worker ready [node] -> 20260419.10
○ Rebuilding background worker…
○ Background worker ready [node] -> 20260419.11
○ Rebuilding background worker…
○ Background worker ready [node] -> 20260419.12
○ Rebuilding background worker…
○ Background worker ready [node] -> 20260419.13
○ Apr 18, 17:10:38.969 ->  20260419.13 | processRecording | run_vi8xd528yk8vhitg4kpan.1
○ Apr 18, 17:10:39.903 ->  20260419.13 | segmentRecording | run_yotethnuse1iiybvcut8h.1
○ Apr 18, 17:10:55.044 ->  20260419.13 | segmentRecording | run_yotethnuse1iiybvcut8h.1 | Success (15s)
○ Apr 18, 17:10:56.392 ->  20260419.13 | extractQuestion | run_1rzc2ukvjbkfjj4new4f4.1
○ Apr 18, 17:11:09.655 ->  20260419.13 | extractQuestion | run_1rzc2ukvjbkfjj4new4f4.1 | Success (13.1s)
○ Apr 18, 17:11:10.606 ->  20260419.13 | transcribeQuestion | run_hknuoxy963x8ikhyskqz6.1
○ Apr 18, 17:11:12.278 ->  20260419.13 | transcribeQuestion | run_hknuoxy963x8ikhyskqz6.1 | Success (1.5s)
○ Apr 18, 17:11:13.526 ->  20260419.13 | gradeQuestion | run_sw6k45eosmyou8z4urt2b.1
○ Apr 18, 17:11:26.509 ->  20260419.13 | gradeQuestion | run_sw6k45eosmyou8z4urt2b.1 | Success (12.8s)
○ Apr 18, 17:11:28.094 ->  20260419.13 | extractQuestion | run_nxah7aztk5b5e766jk4ix.1
○ Apr 18, 17:11:40.969 ->  20260419.13 | extractQuestion | run_nxah7aztk5b5e766jk4ix.1 | Success (12.7s)
○ Apr 18, 17:11:42.251 ->  20260419.13 | transcribeQuestion | run_nd6pyitncxeu27d2xqvit.1
○ Apr 18, 17:11:44.054 ->  20260419.13 | transcribeQuestion | run_nd6pyitncxeu27d2xqvit.1 | Success (1.7s)
○ Apr 18, 17:11:45.190 ->  20260419.13 | gradeQuestion | run_an8hpsf7qn6uaij8s2riz.1
○ Apr 18, 17:11:58.071 ->  20260419.13 | gradeQuestion | run_an8hpsf7qn6uaij8s2riz.1 | Success (12.7s)
○ Apr 18, 17:11:59.748 ->  20260419.13 | extractQuestion | run_jj3v9q1tgz7n5m4f4nz34.1
○ Apr 18, 17:12:12.996 ->  20260419.13 | extractQuestion | run_jj3v9q1tgz7n5m4f4nz34.1 | Success (13.1s)
○ Apr 18, 17:12:13.961 ->  20260419.13 | transcribeQuestion | run_xso68jqdgu6rzj61ra7bm.1
○ Apr 18, 17:12:15.584 ->  20260419.13 | transcribeQuestion | run_xso68jqdgu6rzj61ra7bm.1 | Success (1.5s)
○ Apr 18, 17:12:16.851 ->  20260419.13 | gradeQuestion | run_ycuqveiv4ort811y2h5uq.1
○ Apr 18, 17:12:32.140 ->  20260419.13 | gradeQuestion | run_ycuqveiv4ort811y2h5uq.1 | Success (15.1s)
○ Apr 18, 17:12:32.323 ->  20260419.13 | processRecording | run_vi8xd528yk8vhitg4kpan.1 | Success (1m, 53.2s)
○ Rebuilding background worker…
○ Background worker ready [node] -> 20260419.14
○ Rebuilding background worker…
○ Background worker ready [node] -> 20260419.15
○ Rebuilding background worker…
○ Background worker ready [node] -> 20260419.16
○ Rebuilding background worker…
○ Background worker ready [node] -> 20260419.17
○ Rebuilding background worker…
○ Background worker ready [node] -> 20260419.18
○ Rebuilding background worker…
○ No changes detected, skipping build…
