
> cpa-study-app-v3@0.1.0 trigger:dev C:\Users\hotre\Desktop\Coding Projects\CPA-Study-App-v3
> trigger dev


Trigger.dev (3.3.17 -> 4.4.4)
------------------------------------------------------
[90m│[39m
[33m▲[39m  Warning: You're not running the latest CLI version, please consider updating ASAP
[90m│[39m  
[90m│[39m           Current:     3.3.17
[90m│[39m           Latest:      4.4.4
[90m│[39m  
[90m│[39m           Run latest:  npx trigger.dev@latest
------------------------------------------------------
Key: Version | Task | Run
------------------------------------------------------
X Error: TRIGGER_PROJECT_ID is not set correctly — see .env.example
node:internal/process/promises:394
    triggerUncaughtException(err, true /* fromPromise */);
    ^

Error: TRIGGER_PROJECT_ID is not set correctly — see .env.example
    at C:/Users/hotre/Desktop/Coding Projects/CPA-Study-App-v3/trigger.config.ts:5:9
    at evalModule (C:\Users\hotre\Desktop\Coding Projects\CPA-Study-App-v3\node_modules\.pnpm\jiti@1.21.7\node_modules\jiti\dist\jiti.js:1:251913)
    at Object.jiti (C:\Users\hotre\Desktop\Coding Projects\CPA-Study-App-v3\node_modules\.pnpm\jiti@1.21.7\node_modules\jiti\dist\jiti.js:1:249841)
    at resolveConfig (file:///C:/Users/hotre/Desktop/Coding%20Projects/CPA-Study-App-v3/node_modules/.pnpm/c12@1.11.2_magicast@0.3.5/node_modules/c12/dist/shared/c12.cab0c9da.mjs:345:26)
    at loadConfig (file:///C:/Users/hotre/Desktop/Coding%20Projects/CPA-Study-App-v3/node_modules/.pnpm/c12@1.11.2_magicast@0.3.5/node_modules/c12/dist/shared/c12.cab0c9da.mjs:147:29)
    at Module.watchConfig (file:///C:/Users/hotre/Desktop/Coding%20Projects/CPA-Study-App-v3/node_modules/.pnpm/c12@1.11.2_magicast@0.3.5/node_modules/c12/dist/index.mjs:25:22)
    at watchConfig (file:///C:/Users/hotre/Desktop/Coding%20Projects/CPA-Study-App-v3/node_modules/.pnpm/trigger.dev@3.3.17_react@19.2.5_typescript@5.9.3/node_modules/trigger.dev/dist/esm/config.js:22:30)
    at startDev (file:///C:/Users/hotre/Desktop/Coding%20Projects/CPA-Study-App-v3/node_modules/.pnpm/trigger.dev@3.3.17_react@19.2.5_typescript@5.9.3/node_modules/trigger.dev/dist/esm/commands/dev.js:77:25)
    at async devCommand (file:///C:/Users/hotre/Desktop/Coding%20Projects/CPA-Study-App-v3/node_modules/.pnpm/trigger.dev@3.3.17_react@19.2.5_typescript@5.9.3/node_modules/trigger.dev/dist/esm/commands/dev.js:55:29)
    at async file:///C:/Users/hotre/Desktop/Coding%20Projects/CPA-Study-App-v3/node_modules/.pnpm/trigger.dev@3.3.17_react@19.2.5_typescript@5.9.3/node_modules/trigger.dev/dist/esm/commands/dev.js:31:13
    at async file:///C:/Users/hotre/Desktop/Coding%20Projects/CPA-Study-App-v3/node_modules/.pnpm/trigger.dev@3.3.17_react@19.2.5_typescript@5.9.3/node_modules/trigger.dev/dist/esm/cli/common.js:54:28
    at async wrapCommandAction (file:///C:/Users/hotre/Desktop/Coding%20Projects/CPA-Study-App-v3/node_modules/.pnpm/trigger.dev@3.3.17_react@19.2.5_typescript@5.9.3/node_modules/trigger.dev/dist/esm/cli/common.js:40:12)

Node.js v24.13.0
 ELIFECYCLE  Command failed with exit code 1.

> cpa-study-app-v3@0.1.0 trigger:dev C:\Users\hotre\Desktop\Coding Projects\CPA-Study-App-v3
> trigger dev


Trigger.dev (3.3.17 -> 4.4.4)
------------------------------------------------------
[90m│[39m
[33m▲[39m  Warning: You're not running the latest CLI version, please consider updating ASAP
[90m│[39m  
[90m│[39m           Current:     3.3.17
[90m│[39m           Latest:      4.4.4
[90m│[39m  
[90m│[39m           Run latest:  npx trigger.dev@latest
------------------------------------------------------
Key: Version | Task | Run
------------------------------------------------------
○ Building background worker…
[31m✘ [41;31m[[41;97mERROR[41;31m][0m [1mCould not resolve "dotenv"[0m

    trigger.config.ts:2:23:
[37m      2 │ import { config } from [32m"dotenv"[37m;
        ╵                        [32m~~~~~~~~[0m

  You can mark the path "dotenv" as external to exclude it from the bundle, which will remove this error and leave the unresolved path in the bundle.


X Error: Failed to build
node:internal/process/promises:394
    triggerUncaughtException(err, true /* fromPromise */);
    ^

Error: Failed to build
    at bundleWorker (file:///C:/Users/hotre/Desktop/Coding%20Projects/CPA-Study-App-v3/node_modules/.pnpm/trigger.dev@3.3.17_react@19.2.5_typescript@5.9.3/node_modules/trigger.dev/dist/esm/build/bundle.js:65:19)
    at process.processTicksAndRejections (node:internal/process/task_queues:103:5)
    at async runBundle (file:///C:/Users/hotre/Desktop/Coding%20Projects/CPA-Study-App-v3/node_modules/.pnpm/trigger.dev@3.3.17_react@19.2.5_typescript@5.9.3/node_modules/trigger.dev/dist/esm/dev/devSession.js:108:30)
    at async startDevSession (file:///C:/Users/hotre/Desktop/Coding%20Projects/CPA-Study-App-v3/node_modules/.pnpm/trigger.dev@3.3.17_react@19.2.5_typescript@5.9.3/node_modules/trigger.dev/dist/esm/dev/devSession.js:122:26)
    at async startDev (file:///C:/Users/hotre/Desktop/Coding%20Projects/CPA-Study-App-v3/node_modules/.pnpm/trigger.dev@3.3.17_react@19.2.5_typescript@5.9.3/node_modules/trigger.dev/dist/esm/commands/dev.js:115:23)
    at async devCommand (file:///C:/Users/hotre/Desktop/Coding%20Projects/CPA-Study-App-v3/node_modules/.pnpm/trigger.dev@3.3.17_react@19.2.5_typescript@5.9.3/node_modules/trigger.dev/dist/esm/commands/dev.js:55:29)
    at async file:///C:/Users/hotre/Desktop/Coding%20Projects/CPA-Study-App-v3/node_modules/.pnpm/trigger.dev@3.3.17_react@19.2.5_typescript@5.9.3/node_modules/trigger.dev/dist/esm/commands/dev.js:31:13
    at async file:///C:/Users/hotre/Desktop/Coding%20Projects/CPA-Study-App-v3/node_modules/.pnpm/trigger.dev@3.3.17_react@19.2.5_typescript@5.9.3/node_modules/trigger.dev/dist/esm/cli/common.js:54:28
    at async wrapCommandAction (file:///C:/Users/hotre/Desktop/Coding%20Projects/CPA-Study-App-v3/node_modules/.pnpm/trigger.dev@3.3.17_react@19.2.5_typescript@5.9.3/node_modules/trigger.dev/dist/esm/cli/common.js:40:12)

Node.js v24.13.0
 ELIFECYCLE  Command failed with exit code 1.
